2014-09-11 10:30:24,313 [Worker-0] INFO  o.e.m.c.i.i.nexus.NexusIndexManager - Updating index for repository: central|http://repo1.maven.org/maven2
2014-09-11 10:30:25,450 [Worker-0] ERROR o.e.m.c.i.i.nexus.NexusIndexManager - Unable to update index for central|http://repo1.maven.org/maven2
java.io.IOException: Server returned status code 403: Forbidden
	at org.eclipse.m2e.core.internal.index.nexus.AsyncFetcher$PipedErrorInputStream.checkError(AsyncFetcher.java:253) ~[org.eclipse.m2e.core_1.0.0.me201110301321.jar:na]
	at org.eclipse.m2e.core.internal.index.nexus.AsyncFetcher$PipedErrorInputStream.read(AsyncFetcher.java:261) ~[org.eclipse.m2e.core_1.0.0.me201110301321.jar:na]
	at java.io.PipedInputStream.read(PipedInputStream.java:361) ~[na:1.6.0_13]
	at java.io.InputStream.read(InputStream.java:85) ~[na:1.6.0_13]
	at java.util.Properties$LineReader.readLine(Properties.java:418) ~[na:1.6.0_13]
	at java.util.Properties.load0(Properties.java:337) ~[na:1.6.0_13]
	at java.util.Properties.load(Properties.java:325) ~[na:1.6.0_13]
	at org.apache.maven.index.updater.DefaultIndexUpdater.downloadIndexProperties(DefaultIndexUpdater.java:457) ~[indexer-core-3.1.0.jar:3.1.0]
	at org.apache.maven.index.updater.DefaultIndexUpdater.access$100(DefaultIndexUpdater.java:75) ~[indexer-core-3.1.0.jar:3.1.0]
	at org.apache.maven.index.updater.DefaultIndexUpdater$IndexAdaptor.setProperties(DefaultIndexUpdater.java:607) ~[indexer-core-3.1.0.jar:3.1.0]
	at org.apache.maven.index.updater.DefaultIndexUpdater.fetchAndUpdateIndex(DefaultIndexUpdater.java:788) ~[indexer-core-3.1.0.jar:3.1.0]
	at org.apache.maven.index.updater.DefaultIndexUpdater.fetchAndUpdateIndex(DefaultIndexUpdater.java:135) ~[indexer-core-3.1.0.jar:3.1.0]
	at org.eclipse.m2e.core.internal.index.nexus.NexusIndexManager.updateRemoteIndex(NexusIndexManager.java:1126) [org.eclipse.m2e.core_1.0.0.me201110301321.jar:na]
	at org.eclipse.m2e.core.internal.index.nexus.NexusIndexManager.updateIndex(NexusIndexManager.java:1083) [org.eclipse.m2e.core_1.0.0.me201110301321.jar:na]
	at org.eclipse.m2e.core.internal.index.nexus.NexusIndexManager$1.run(NexusIndexManager.java:660) [org.eclipse.m2e.core_1.0.0.me201110301321.jar:na]
	at org.eclipse.m2e.core.internal.index.nexus.IndexUpdaterJob.run(IndexUpdaterJob.java:71) [org.eclipse.m2e.core_1.0.0.me201110301321.jar:na]
	at org.eclipse.core.internal.jobs.Worker.run(Worker.java:54) [org.eclipse.core.jobs_3.5.100.v20110404.jar:na]
java.io.IOException: Server returned status code 403: Forbidden
	at org.eclipse.m2e.core.internal.index.nexus.AsyncFetcher$MonitorListener.onStatus(AsyncFetcher.java:283) ~[na:na]
	at com.ning.http.client.SimpleAsyncHttpClient$BodyConsumerAsyncHandler.fireStatus(SimpleAsyncHttpClient.java:828) ~[na:na]
	at com.ning.http.client.SimpleAsyncHttpClient$BodyConsumerAsyncHandler.onStatusReceived(SimpleAsyncHttpClient.java:779) ~[na:na]
	at com.ning.http.client.providers.netty.NettyAsyncHttpProvider.updateStatusAndInterrupt(NettyAsyncHttpProvider.java:1439) ~[na:na]
	at com.ning.http.client.providers.netty.NettyAsyncHttpProvider.messageReceived(NettyAsyncHttpProvider.java:1170) ~[na:na]
	at org.jboss.netty.channel.SimpleChannelUpstreamHandler.handleUpstream(SimpleChannelUpstreamHandler.java:80) ~[na:na]
	at org.jboss.netty.channel.DefaultChannelPipeline.sendUpstream(DefaultChannelPipeline.java:545) ~[na:na]
	at org.jboss.netty.channel.DefaultChannelPipeline$DefaultChannelHandlerContext.sendUpstream(DefaultChannelPipeline.java:754) ~[na:na]
	at org.jboss.netty.handler.stream.ChunkedWriteHandler.handleUpstream(ChunkedWriteHandler.java:148) ~[na:na]
	at org.jboss.netty.channel.DefaultChannelPipeline.sendUpstream(DefaultChannelPipeline.java:545) ~[na:na]
	at org.jboss.netty.channel.DefaultChannelPipeline$DefaultChannelHandlerContext.sendUpstream(DefaultChannelPipeline.java:754) ~[na:na]
	at org.jboss.netty.handler.codec.http.HttpContentDecoder.messageReceived(HttpContentDecoder.java:104) ~[na:na]
	at org.jboss.netty.channel.SimpleChannelUpstreamHandler.handleUpstream(SimpleChannelUpstreamHandler.java:80) ~[na:na]
	at org.jboss.netty.channel.DefaultChannelPipeline.sendUpstream(DefaultChannelPipeline.java:545) ~[na:na]
	at org.jboss.netty.channel.DefaultChannelPipeline$DefaultChannelHandlerContext.sendUpstream(DefaultChannelPipeline.java:754) ~[na:na]
	at org.jboss.netty.channel.Channels.fireMessageReceived(Channels.java:302) ~[na:na]
	at org.jboss.netty.handler.codec.replay.ReplayingDecoder.unfoldAndfireMessageReceived(ReplayingDecoder.java:522) ~[na:na]
	at org.jboss.netty.handler.codec.replay.ReplayingDecoder.callDecode(ReplayingDecoder.java:506) ~[na:na]
	at org.jboss.netty.handler.codec.replay.ReplayingDecoder.messageReceived(ReplayingDecoder.java:443) ~[na:na]
	at org.jboss.netty.channel.SimpleChannelUpstreamHandler.handleUpstream(SimpleChannelUpstreamHandler.java:80) ~[na:na]
	at org.jboss.netty.handler.codec.http.HttpClientCodec.handleUpstream(HttpClientCodec.java:77) ~[na:na]
	at org.jboss.netty.channel.DefaultChannelPipeline.sendUpstream(DefaultChannelPipeline.java:545) ~[na:na]
	at org.jboss.netty.channel.DefaultChannelPipeline.sendUpstream(DefaultChannelPipeline.java:540) ~[na:na]
	at org.jboss.netty.channel.Channels.fireMessageReceived(Channels.java:274) ~[na:na]
	at org.jboss.netty.channel.Channels.fireMessageReceived(Channels.java:261) ~[na:na]
	at org.jboss.netty.channel.socket.nio.NioWorker.read(NioWorker.java:349) ~[na:na]
	at org.jboss.netty.channel.socket.nio.NioWorker.processSelectedKeys(NioWorker.java:280) ~[na:na]
	at org.jboss.netty.channel.socket.nio.NioWorker.run(NioWorker.java:200) ~[na:na]
	at org.jboss.netty.util.ThreadRenamingRunnable.run(ThreadRenamingRunnable.java:108) ~[na:na]
	at org.jboss.netty.util.internal.DeadLockProofWorker$1.run(DeadLockProofWorker.java:44) ~[na:na]
	at java.util.concurrent.ThreadPoolExecutor$Worker.runTask(ThreadPoolExecutor.java:886) ~[na:1.6.0_13]
	at java.util.concurrent.ThreadPoolExecutor$Worker.run(ThreadPoolExecutor.java:908) ~[na:1.6.0_13]
	at java.lang.Thread.run(Thread.java:619) ~[na:1.6.0_13]
2014-09-11 10:33:06,685 [Worker-3] INFO  o.e.m.c.i.i.nexus.NexusIndexManager - Updating index for repository: central|http://repo1.maven.org/maven2
2014-09-11 10:33:07,379 [Worker-3] ERROR o.e.m.c.i.i.nexus.NexusIndexManager - Unable to update index for central|http://repo1.maven.org/maven2
java.io.IOException: Server returned status code 403: Forbidden
	at org.eclipse.m2e.core.internal.index.nexus.AsyncFetcher$PipedErrorInputStream.checkError(AsyncFetcher.java:253) ~[org.eclipse.m2e.core_1.0.0.me201110301321.jar:na]
	at org.eclipse.m2e.core.internal.index.nexus.AsyncFetcher$PipedErrorInputStream.read(AsyncFetcher.java:261) ~[org.eclipse.m2e.core_1.0.0.me201110301321.jar:na]
	at java.io.PipedInputStream.read(PipedInputStream.java:361) ~[na:1.6.0_13]
	at java.io.InputStream.read(InputStream.java:85) ~[na:1.6.0_13]
	at java.util.Properties$LineReader.readLine(Properties.java:418) ~[na:1.6.0_13]
	at java.util.Properties.load0(Properties.java:337) ~[na:1.6.0_13]
	at java.util.Properties.load(Properties.java:325) ~[na:1.6.0_13]
	at org.apache.maven.index.updater.DefaultIndexUpdater.downloadIndexProperties(DefaultIndexUpdater.java:457) ~[indexer-core-3.1.0.jar:3.1.0]
	at org.apache.maven.index.updater.DefaultIndexUpdater.access$100(DefaultIndexUpdater.java:75) ~[indexer-core-3.1.0.jar:3.1.0]
	at org.apache.maven.index.updater.DefaultIndexUpdater$IndexAdaptor.setProperties(DefaultIndexUpdater.java:607) ~[indexer-core-3.1.0.jar:3.1.0]
	at org.apache.maven.index.updater.DefaultIndexUpdater.fetchAndUpdateIndex(DefaultIndexUpdater.java:788) ~[indexer-core-3.1.0.jar:3.1.0]
	at org.apache.maven.index.updater.DefaultIndexUpdater.fetchAndUpdateIndex(DefaultIndexUpdater.java:135) ~[indexer-core-3.1.0.jar:3.1.0]
	at org.eclipse.m2e.core.internal.index.nexus.NexusIndexManager.updateRemoteIndex(NexusIndexManager.java:1126) [org.eclipse.m2e.core_1.0.0.me201110301321.jar:na]
	at org.eclipse.m2e.core.internal.index.nexus.NexusIndexManager.updateIndex(NexusIndexManager.java:1083) [org.eclipse.m2e.core_1.0.0.me201110301321.jar:na]
	at org.eclipse.m2e.core.internal.index.nexus.NexusIndexManager$1.run(NexusIndexManager.java:660) [org.eclipse.m2e.core_1.0.0.me201110301321.jar:na]
	at org.eclipse.m2e.core.internal.index.nexus.IndexUpdaterJob.run(IndexUpdaterJob.java:71) [org.eclipse.m2e.core_1.0.0.me201110301321.jar:na]
	at org.eclipse.core.internal.jobs.Worker.run(Worker.java:54) [org.eclipse.core.jobs_3.5.100.v20110404.jar:na]
java.io.IOException: Server returned status code 403: Forbidden
	at org.eclipse.m2e.core.internal.index.nexus.AsyncFetcher$MonitorListener.onStatus(AsyncFetcher.java:283) ~[na:na]
	at com.ning.http.client.SimpleAsyncHttpClient$BodyConsumerAsyncHandler.fireStatus(SimpleAsyncHttpClient.java:828) ~[na:na]
	at com.ning.http.client.SimpleAsyncHttpClient$BodyConsumerAsyncHandler.onStatusReceived(SimpleAsyncHttpClient.java:779) ~[na:na]
	at com.ning.http.client.providers.netty.NettyAsyncHttpProvider.updateStatusAndInterrupt(NettyAsyncHttpProvider.java:1439) ~[na:na]
	at com.ning.http.client.providers.netty.NettyAsyncHttpProvider.messageReceived(NettyAsyncHttpProvider.java:1170) ~[na:na]
	at org.jboss.netty.channel.SimpleChannelUpstreamHandler.handleUpstream(SimpleChannelUpstreamHandler.java:80) ~[na:na]
	at org.jboss.netty.channel.DefaultChannelPipeline.sendUpstream(DefaultChannelPipeline.java:545) ~[na:na]
	at org.jboss.netty.channel.DefaultChannelPipeline$DefaultChannelHandlerContext.sendUpstream(DefaultChannelPipeline.java:754) ~[na:na]
	at org.jboss.netty.handler.stream.ChunkedWriteHandler.handleUpstream(ChunkedWriteHandler.java:148) ~[na:na]
	at org.jboss.netty.channel.DefaultChannelPipeline.sendUpstream(DefaultChannelPipeline.java:545) ~[na:na]
	at org.jboss.netty.channel.DefaultChannelPipeline$DefaultChannelHandlerContext.sendUpstream(DefaultChannelPipeline.java:754) ~[na:na]
	at org.jboss.netty.handler.codec.http.HttpContentDecoder.messageReceived(HttpContentDecoder.java:104) ~[na:na]
	at org.jboss.netty.channel.SimpleChannelUpstreamHandler.handleUpstream(SimpleChannelUpstreamHandler.java:80) ~[na:na]
	at org.jboss.netty.channel.DefaultChannelPipeline.sendUpstream(DefaultChannelPipeline.java:545) ~[na:na]
	at org.jboss.netty.channel.DefaultChannelPipeline$DefaultChannelHandlerContext.sendUpstream(DefaultChannelPipeline.java:754) ~[na:na]
	at org.jboss.netty.channel.Channels.fireMessageReceived(Channels.java:302) ~[na:na]
	at org.jboss.netty.handler.codec.replay.ReplayingDecoder.unfoldAndfireMessageReceived(ReplayingDecoder.java:522) ~[na:na]
	at org.jboss.netty.handler.codec.replay.ReplayingDecoder.callDecode(ReplayingDecoder.java:506) ~[na:na]
	at org.jboss.netty.handler.codec.replay.ReplayingDecoder.messageReceived(ReplayingDecoder.java:443) ~[na:na]
	at org.jboss.netty.channel.SimpleChannelUpstreamHandler.handleUpstream(SimpleChannelUpstreamHandler.java:80) ~[na:na]
	at org.jboss.netty.handler.codec.http.HttpClientCodec.handleUpstream(HttpClientCodec.java:77) ~[na:na]
	at org.jboss.netty.channel.DefaultChannelPipeline.sendUpstream(DefaultChannelPipeline.java:545) ~[na:na]
	at org.jboss.netty.channel.DefaultChannelPipeline.sendUpstream(DefaultChannelPipeline.java:540) ~[na:na]
	at org.jboss.netty.channel.Channels.fireMessageReceived(Channels.java:274) ~[na:na]
	at org.jboss.netty.channel.Channels.fireMessageReceived(Channels.java:261) ~[na:na]
	at org.jboss.netty.channel.socket.nio.NioWorker.read(NioWorker.java:349) ~[na:na]
	at org.jboss.netty.channel.socket.nio.NioWorker.processSelectedKeys(NioWorker.java:280) ~[na:na]
	at org.jboss.netty.channel.socket.nio.NioWorker.run(NioWorker.java:200) ~[na:na]
	at org.jboss.netty.util.ThreadRenamingRunnable.run(ThreadRenamingRunnable.java:108) ~[na:na]
	at org.jboss.netty.util.internal.DeadLockProofWorker$1.run(DeadLockProofWorker.java:44) ~[na:na]
	at java.util.concurrent.ThreadPoolExecutor$Worker.runTask(ThreadPoolExecutor.java:886) ~[na:1.6.0_13]
	at java.util.concurrent.ThreadPoolExecutor$Worker.run(ThreadPoolExecutor.java:908) ~[na:1.6.0_13]
	at java.lang.Thread.run(Thread.java:619) ~[na:1.6.0_13]
2014-09-13 10:10:33,269 [Worker-5] INFO  o.e.m.c.i.i.nexus.NexusIndexManager - Updating index for repository: central|http://repo1.maven.org/maven2
2014-09-13 10:10:38,829 [Worker-5] ERROR o.e.m.c.i.i.nexus.NexusIndexManager - Unable to update index for central|http://repo1.maven.org/maven2: C:\Users\zhaojie\.m2\repository\.cache\m2e\1.0.0\d9d714e11cb097b3ffcec91cccc65d3e\nexus-maven-repository-index.zip (系统找不到指定的文件。)
java.io.FileNotFoundException: C:\Users\zhaojie\.m2\repository\.cache\m2e\1.0.0\d9d714e11cb097b3ffcec91cccc65d3e\nexus-maven-repository-index.zip (系统找不到指定的文件。)
	at java.io.FileInputStream.open(Native Method) ~[na:1.6.0_13]
	at java.io.FileInputStream.<init>(FileInputStream.java:106) ~[na:1.6.0_13]
	at org.apache.maven.index.updater.DefaultIndexUpdater$FileFetcher.retrieve(DefaultIndexUpdater.java:568) ~[indexer-core-3.1.0.jar:3.1.0]
	at org.apache.maven.index.updater.DefaultIndexUpdater.loadIndexDirectory(DefaultIndexUpdater.java:206) ~[indexer-core-3.1.0.jar:3.1.0]
	at org.apache.maven.index.updater.DefaultIndexUpdater.access$300(DefaultIndexUpdater.java:75) ~[indexer-core-3.1.0.jar:3.1.0]
	at org.apache.maven.index.updater.DefaultIndexUpdater$LuceneIndexAdaptor.setIndexFile(DefaultIndexUpdater.java:645) ~[indexer-core-3.1.0.jar:3.1.0]
	at org.apache.maven.index.updater.DefaultIndexUpdater.fetchAndUpdateIndex(DefaultIndexUpdater.java:844) ~[indexer-core-3.1.0.jar:3.1.0]
	at org.apache.maven.index.updater.DefaultIndexUpdater.fetchAndUpdateIndex(DefaultIndexUpdater.java:156) ~[indexer-core-3.1.0.jar:3.1.0]
	at org.eclipse.m2e.core.internal.index.nexus.NexusIndexManager.updateRemoteIndex(NexusIndexManager.java:1139) [org.eclipse.m2e.core_1.0.0.me201110301321.jar:na]
	at org.eclipse.m2e.core.internal.index.nexus.NexusIndexManager.updateIndex(NexusIndexManager.java:1083) [org.eclipse.m2e.core_1.0.0.me201110301321.jar:na]
	at org.eclipse.m2e.core.internal.index.nexus.NexusIndexManager$1.run(NexusIndexManager.java:660) [org.eclipse.m2e.core_1.0.0.me201110301321.jar:na]
	at org.eclipse.m2e.core.internal.index.nexus.IndexUpdaterJob.run(IndexUpdaterJob.java:71) [org.eclipse.m2e.core_1.0.0.me201110301321.jar:na]
	at org.eclipse.core.internal.jobs.Worker.run(Worker.java:54) [org.eclipse.core.jobs_3.5.100.v20110404.jar:na]
2014-09-16 10:05:59,357 [Worker-1] INFO  o.e.m.c.i.i.nexus.NexusIndexManager - Updating index for repository: central|http://repo1.maven.org/maven2
2014-09-16 10:06:06,613 [Worker-1] ERROR o.e.m.c.i.i.nexus.NexusIndexManager - Unable to update index for central|http://repo1.maven.org/maven2: C:\Users\zhaojie\.m2\repository\.cache\m2e\1.0.0\d9d714e11cb097b3ffcec91cccc65d3e\nexus-maven-repository-index.zip (系统找不到指定的文件。)
java.io.FileNotFoundException: C:\Users\zhaojie\.m2\repository\.cache\m2e\1.0.0\d9d714e11cb097b3ffcec91cccc65d3e\nexus-maven-repository-index.zip (系统找不到指定的文件。)
	at java.io.FileInputStream.open(Native Method) ~[na:1.6.0_13]
	at java.io.FileInputStream.<init>(FileInputStream.java:106) ~[na:1.6.0_13]
	at org.apache.maven.index.updater.DefaultIndexUpdater$FileFetcher.retrieve(DefaultIndexUpdater.java:568) ~[indexer-core-3.1.0.jar:3.1.0]
	at org.apache.maven.index.updater.DefaultIndexUpdater.loadIndexDirectory(DefaultIndexUpdater.java:206) ~[indexer-core-3.1.0.jar:3.1.0]
	at org.apache.maven.index.updater.DefaultIndexUpdater.access$300(DefaultIndexUpdater.java:75) ~[indexer-core-3.1.0.jar:3.1.0]
	at org.apache.maven.index.updater.DefaultIndexUpdater$LuceneIndexAdaptor.setIndexFile(DefaultIndexUpdater.java:645) ~[indexer-core-3.1.0.jar:3.1.0]
	at org.apache.maven.index.updater.DefaultIndexUpdater.fetchAndUpdateIndex(DefaultIndexUpdater.java:844) ~[indexer-core-3.1.0.jar:3.1.0]
	at org.apache.maven.index.updater.DefaultIndexUpdater.fetchAndUpdateIndex(DefaultIndexUpdater.java:156) ~[indexer-core-3.1.0.jar:3.1.0]
	at org.eclipse.m2e.core.internal.index.nexus.NexusIndexManager.updateRemoteIndex(NexusIndexManager.java:1139) [org.eclipse.m2e.core_1.0.0.me201110301321.jar:na]
	at org.eclipse.m2e.core.internal.index.nexus.NexusIndexManager.updateIndex(NexusIndexManager.java:1083) [org.eclipse.m2e.core_1.0.0.me201110301321.jar:na]
	at org.eclipse.m2e.core.internal.index.nexus.NexusIndexManager$1.run(NexusIndexManager.java:660) [org.eclipse.m2e.core_1.0.0.me201110301321.jar:na]
	at org.eclipse.m2e.core.internal.index.nexus.IndexUpdaterJob.run(IndexUpdaterJob.java:71) [org.eclipse.m2e.core_1.0.0.me201110301321.jar:na]
	at org.eclipse.core.internal.jobs.Worker.run(Worker.java:54) [org.eclipse.core.jobs_3.5.100.v20110404.jar:na]
2014-09-17 09:48:25,011 [Worker-15] INFO  o.e.m.c.i.i.nexus.NexusIndexManager - Updating index for repository: central|http://repo1.maven.org/maven2
2014-09-17 09:48:26,490 [Worker-15] ERROR o.e.m.c.i.i.nexus.NexusIndexManager - Unable to update index for central|http://repo1.maven.org/maven2
java.io.IOException: Server returned status code 403: Forbidden
	at org.eclipse.m2e.core.internal.index.nexus.AsyncFetcher$PipedErrorInputStream.checkError(AsyncFetcher.java:253) ~[org.eclipse.m2e.core_1.0.0.me201110301321.jar:na]
	at org.eclipse.m2e.core.internal.index.nexus.AsyncFetcher$PipedErrorInputStream.read(AsyncFetcher.java:261) ~[org.eclipse.m2e.core_1.0.0.me201110301321.jar:na]
	at java.io.PipedInputStream.read(PipedInputStream.java:361) ~[na:1.6.0_13]
	at java.io.InputStream.read(InputStream.java:85) ~[na:1.6.0_13]
	at java.util.Properties$LineReader.readLine(Properties.java:418) ~[na:1.6.0_13]
	at java.util.Properties.load0(Properties.java:337) ~[na:1.6.0_13]
	at java.util.Properties.load(Properties.java:325) ~[na:1.6.0_13]
	at org.apache.maven.index.updater.DefaultIndexUpdater.downloadIndexProperties(DefaultIndexUpdater.java:457) ~[indexer-core-3.1.0.jar:3.1.0]
	at org.apache.maven.index.updater.DefaultIndexUpdater.access$100(DefaultIndexUpdater.java:75) ~[indexer-core-3.1.0.jar:3.1.0]
	at org.apache.maven.index.updater.DefaultIndexUpdater$IndexAdaptor.setProperties(DefaultIndexUpdater.java:607) ~[indexer-core-3.1.0.jar:3.1.0]
	at org.apache.maven.index.updater.DefaultIndexUpdater.fetchAndUpdateIndex(DefaultIndexUpdater.java:788) ~[indexer-core-3.1.0.jar:3.1.0]
	at org.apache.maven.index.updater.DefaultIndexUpdater.fetchAndUpdateIndex(DefaultIndexUpdater.java:135) ~[indexer-core-3.1.0.jar:3.1.0]
	at org.eclipse.m2e.core.internal.index.nexus.NexusIndexManager.updateRemoteIndex(NexusIndexManager.java:1126) [org.eclipse.m2e.core_1.0.0.me201110301321.jar:na]
	at org.eclipse.m2e.core.internal.index.nexus.NexusIndexManager.updateIndex(NexusIndexManager.java:1083) [org.eclipse.m2e.core_1.0.0.me201110301321.jar:na]
	at org.eclipse.m2e.core.internal.index.nexus.NexusIndexManager$1.run(NexusIndexManager.java:660) [org.eclipse.m2e.core_1.0.0.me201110301321.jar:na]
	at org.eclipse.m2e.core.internal.index.nexus.IndexUpdaterJob.run(IndexUpdaterJob.java:71) [org.eclipse.m2e.core_1.0.0.me201110301321.jar:na]
	at org.eclipse.core.internal.jobs.Worker.run(Worker.java:54) [org.eclipse.core.jobs_3.5.100.v20110404.jar:na]
java.io.IOException: Server returned status code 403: Forbidden
	at org.eclipse.m2e.core.internal.index.nexus.AsyncFetcher$MonitorListener.onStatus(AsyncFetcher.java:283) ~[na:na]
	at com.ning.http.client.SimpleAsyncHttpClient$BodyConsumerAsyncHandler.fireStatus(SimpleAsyncHttpClient.java:828) ~[na:na]
	at com.ning.http.client.SimpleAsyncHttpClient$BodyConsumerAsyncHandler.onStatusReceived(SimpleAsyncHttpClient.java:779) ~[na:na]
	at com.ning.http.client.providers.netty.NettyAsyncHttpProvider.updateStatusAndInterrupt(NettyAsyncHttpProvider.java:1439) ~[na:na]
	at com.ning.http.client.providers.netty.NettyAsyncHttpProvider.messageReceived(NettyAsyncHttpProvider.java:1170) ~[na:na]
	at org.jboss.netty.channel.SimpleChannelUpstreamHandler.handleUpstream(SimpleChannelUpstreamHandler.java:80) ~[na:na]
	at org.jboss.netty.channel.DefaultChannelPipeline.sendUpstream(DefaultChannelPipeline.java:545) ~[na:na]
	at org.jboss.netty.channel.DefaultChannelPipeline$DefaultChannelHandlerContext.sendUpstream(DefaultChannelPipeline.java:754) ~[na:na]
	at org.jboss.netty.handler.stream.ChunkedWriteHandler.handleUpstream(ChunkedWriteHandler.java:148) ~[na:na]
	at org.jboss.netty.channel.DefaultChannelPipeline.sendUpstream(DefaultChannelPipeline.java:545) ~[na:na]
	at org.jboss.netty.channel.DefaultChannelPipeline$DefaultChannelHandlerContext.sendUpstream(DefaultChannelPipeline.java:754) ~[na:na]
	at org.jboss.netty.handler.codec.http.HttpContentDecoder.messageReceived(HttpContentDecoder.java:104) ~[na:na]
	at org.jboss.netty.channel.SimpleChannelUpstreamHandler.handleUpstream(SimpleChannelUpstreamHandler.java:80) ~[na:na]
	at org.jboss.netty.channel.DefaultChannelPipeline.sendUpstream(DefaultChannelPipeline.java:545) ~[na:na]
	at org.jboss.netty.channel.DefaultChannelPipeline$DefaultChannelHandlerContext.sendUpstream(DefaultChannelPipeline.java:754) ~[na:na]
	at org.jboss.netty.channel.Channels.fireMessageReceived(Channels.java:302) ~[na:na]
	at org.jboss.netty.handler.codec.replay.ReplayingDecoder.unfoldAndfireMessageReceived(ReplayingDecoder.java:522) ~[na:na]
	at org.jboss.netty.handler.codec.replay.ReplayingDecoder.callDecode(ReplayingDecoder.java:506) ~[na:na]
	at org.jboss.netty.handler.codec.replay.ReplayingDecoder.messageReceived(ReplayingDecoder.java:443) ~[na:na]
	at org.jboss.netty.channel.SimpleChannelUpstreamHandler.handleUpstream(SimpleChannelUpstreamHandler.java:80) ~[na:na]
	at org.jboss.netty.handler.codec.http.HttpClientCodec.handleUpstream(HttpClientCodec.java:77) ~[na:na]
	at org.jboss.netty.channel.DefaultChannelPipeline.sendUpstream(DefaultChannelPipeline.java:545) ~[na:na]
	at org.jboss.netty.channel.DefaultChannelPipeline.sendUpstream(DefaultChannelPipeline.java:540) ~[na:na]
	at org.jboss.netty.channel.Channels.fireMessageReceived(Channels.java:274) ~[na:na]
	at org.jboss.netty.channel.Channels.fireMessageReceived(Channels.java:261) ~[na:na]
	at org.jboss.netty.channel.socket.nio.NioWorker.read(NioWorker.java:349) ~[na:na]
	at org.jboss.netty.channel.socket.nio.NioWorker.processSelectedKeys(NioWorker.java:280) ~[na:na]
	at org.jboss.netty.channel.socket.nio.NioWorker.run(NioWorker.java:200) ~[na:na]
	at org.jboss.netty.util.ThreadRenamingRunnable.run(ThreadRenamingRunnable.java:108) ~[na:na]
	at org.jboss.netty.util.internal.DeadLockProofWorker$1.run(DeadLockProofWorker.java:44) ~[na:na]
	at java.util.concurrent.ThreadPoolExecutor$Worker.runTask(ThreadPoolExecutor.java:886) ~[na:1.6.0_13]
	at java.util.concurrent.ThreadPoolExecutor$Worker.run(ThreadPoolExecutor.java:908) ~[na:1.6.0_13]
	at java.lang.Thread.run(Thread.java:619) ~[na:1.6.0_13]
2014-09-17 13:42:58,517 [Worker-11] INFO  o.e.m.c.i.i.nexus.NexusIndexManager - Updating index for repository: central|http://repo1.maven.org/maven2
2014-09-17 13:42:59,686 [Worker-11] ERROR o.e.m.c.i.i.nexus.NexusIndexManager - Unable to update index for central|http://repo1.maven.org/maven2
java.io.IOException: Server returned status code 403: Forbidden
	at org.eclipse.m2e.core.internal.index.nexus.AsyncFetcher$PipedErrorInputStream.checkError(AsyncFetcher.java:253) ~[org.eclipse.m2e.core_1.0.0.me201110301321.jar:na]
	at org.eclipse.m2e.core.internal.index.nexus.AsyncFetcher$PipedErrorInputStream.read(AsyncFetcher.java:261) ~[org.eclipse.m2e.core_1.0.0.me201110301321.jar:na]
	at java.io.PipedInputStream.read(PipedInputStream.java:361) ~[na:1.6.0_13]
	at java.io.InputStream.read(InputStream.java:85) ~[na:1.6.0_13]
	at java.util.Properties$LineReader.readLine(Properties.java:418) ~[na:1.6.0_13]
	at java.util.Properties.load0(Properties.java:337) ~[na:1.6.0_13]
	at java.util.Properties.load(Properties.java:325) ~[na:1.6.0_13]
	at org.apache.maven.index.updater.DefaultIndexUpdater.downloadIndexProperties(DefaultIndexUpdater.java:457) ~[indexer-core-3.1.0.jar:3.1.0]
	at org.apache.maven.index.updater.DefaultIndexUpdater.access$100(DefaultIndexUpdater.java:75) ~[indexer-core-3.1.0.jar:3.1.0]
	at org.apache.maven.index.updater.DefaultIndexUpdater$IndexAdaptor.setProperties(DefaultIndexUpdater.java:607) ~[indexer-core-3.1.0.jar:3.1.0]
	at org.apache.maven.index.updater.DefaultIndexUpdater.fetchAndUpdateIndex(DefaultIndexUpdater.java:788) ~[indexer-core-3.1.0.jar:3.1.0]
	at org.apache.maven.index.updater.DefaultIndexUpdater.fetchAndUpdateIndex(DefaultIndexUpdater.java:135) ~[indexer-core-3.1.0.jar:3.1.0]
	at org.eclipse.m2e.core.internal.index.nexus.NexusIndexManager.updateRemoteIndex(NexusIndexManager.java:1126) [org.eclipse.m2e.core_1.0.0.me201110301321.jar:na]
	at org.eclipse.m2e.core.internal.index.nexus.NexusIndexManager.updateIndex(NexusIndexManager.java:1083) [org.eclipse.m2e.core_1.0.0.me201110301321.jar:na]
	at org.eclipse.m2e.core.internal.index.nexus.NexusIndexManager$1.run(NexusIndexManager.java:660) [org.eclipse.m2e.core_1.0.0.me201110301321.jar:na]
	at org.eclipse.m2e.core.internal.index.nexus.IndexUpdaterJob.run(IndexUpdaterJob.java:71) [org.eclipse.m2e.core_1.0.0.me201110301321.jar:na]
	at org.eclipse.core.internal.jobs.Worker.run(Worker.java:54) [org.eclipse.core.jobs_3.5.100.v20110404.jar:na]
java.io.IOException: Server returned status code 403: Forbidden
	at org.eclipse.m2e.core.internal.index.nexus.AsyncFetcher$MonitorListener.onStatus(AsyncFetcher.java:283) ~[na:na]
	at com.ning.http.client.SimpleAsyncHttpClient$BodyConsumerAsyncHandler.fireStatus(SimpleAsyncHttpClient.java:828) ~[na:na]
	at com.ning.http.client.SimpleAsyncHttpClient$BodyConsumerAsyncHandler.onStatusReceived(SimpleAsyncHttpClient.java:779) ~[na:na]
	at com.ning.http.client.providers.netty.NettyAsyncHttpProvider.updateStatusAndInterrupt(NettyAsyncHttpProvider.java:1439) ~[na:na]
	at com.ning.http.client.providers.netty.NettyAsyncHttpProvider.messageReceived(NettyAsyncHttpProvider.java:1170) ~[na:na]
	at org.jboss.netty.channel.SimpleChannelUpstreamHandler.handleUpstream(SimpleChannelUpstreamHandler.java:80) ~[na:na]
	at org.jboss.netty.channel.DefaultChannelPipeline.sendUpstream(DefaultChannelPipeline.java:545) ~[na:na]
	at org.jboss.netty.channel.DefaultChannelPipeline$DefaultChannelHandlerContext.sendUpstream(DefaultChannelPipeline.java:754) ~[na:na]
	at org.jboss.netty.handler.stream.ChunkedWriteHandler.handleUpstream(ChunkedWriteHandler.java:148) ~[na:na]
	at org.jboss.netty.channel.DefaultChannelPipeline.sendUpstream(DefaultChannelPipeline.java:545) ~[na:na]
	at org.jboss.netty.channel.DefaultChannelPipeline$DefaultChannelHandlerContext.sendUpstream(DefaultChannelPipeline.java:754) ~[na:na]
	at org.jboss.netty.handler.codec.http.HttpContentDecoder.messageReceived(HttpContentDecoder.java:104) ~[na:na]
	at org.jboss.netty.channel.SimpleChannelUpstreamHandler.handleUpstream(SimpleChannelUpstreamHandler.java:80) ~[na:na]
	at org.jboss.netty.channel.DefaultChannelPipeline.sendUpstream(DefaultChannelPipeline.java:545) ~[na:na]
	at org.jboss.netty.channel.DefaultChannelPipeline$DefaultChannelHandlerContext.sendUpstream(DefaultChannelPipeline.java:754) ~[na:na]
	at org.jboss.netty.channel.Channels.fireMessageReceived(Channels.java:302) ~[na:na]
	at org.jboss.netty.handler.codec.replay.ReplayingDecoder.unfoldAndfireMessageReceived(ReplayingDecoder.java:522) ~[na:na]
	at org.jboss.netty.handler.codec.replay.ReplayingDecoder.callDecode(ReplayingDecoder.java:506) ~[na:na]
	at org.jboss.netty.handler.codec.replay.ReplayingDecoder.messageReceived(ReplayingDecoder.java:443) ~[na:na]
	at org.jboss.netty.channel.SimpleChannelUpstreamHandler.handleUpstream(SimpleChannelUpstreamHandler.java:80) ~[na:na]
	at org.jboss.netty.handler.codec.http.HttpClientCodec.handleUpstream(HttpClientCodec.java:77) ~[na:na]
	at org.jboss.netty.channel.DefaultChannelPipeline.sendUpstream(DefaultChannelPipeline.java:545) ~[na:na]
	at org.jboss.netty.channel.DefaultChannelPipeline.sendUpstream(DefaultChannelPipeline.java:540) ~[na:na]
	at org.jboss.netty.channel.Channels.fireMessageReceived(Channels.java:274) ~[na:na]
	at org.jboss.netty.channel.Channels.fireMessageReceived(Channels.java:261) ~[na:na]
	at org.jboss.netty.channel.socket.nio.NioWorker.read(NioWorker.java:349) ~[na:na]
	at org.jboss.netty.channel.socket.nio.NioWorker.processSelectedKeys(NioWorker.java:280) ~[na:na]
	at org.jboss.netty.channel.socket.nio.NioWorker.run(NioWorker.java:200) ~[na:na]
	at org.jboss.netty.util.ThreadRenamingRunnable.run(ThreadRenamingRunnable.java:108) ~[na:na]
	at org.jboss.netty.util.internal.DeadLockProofWorker$1.run(DeadLockProofWorker.java:44) ~[na:na]
	at java.util.concurrent.ThreadPoolExecutor$Worker.runTask(ThreadPoolExecutor.java:886) ~[na:1.6.0_13]
	at java.util.concurrent.ThreadPoolExecutor$Worker.run(ThreadPoolExecutor.java:908) ~[na:1.6.0_13]
	at java.lang.Thread.run(Thread.java:619) ~[na:1.6.0_13]
2014-09-17 16:04:48,331 [Worker-3] INFO  o.e.m.c.i.i.nexus.NexusIndexManager - Updating index for repository: central|http://repo1.maven.org/maven2
2014-09-17 16:04:49,130 [Worker-3] ERROR o.e.m.c.i.i.nexus.NexusIndexManager - Unable to update index for central|http://repo1.maven.org/maven2
java.io.IOException: Server returned status code 403: Forbidden
	at org.eclipse.m2e.core.internal.index.nexus.AsyncFetcher$PipedErrorInputStream.checkError(AsyncFetcher.java:253) ~[org.eclipse.m2e.core_1.0.0.me201110301321.jar:na]
	at org.eclipse.m2e.core.internal.index.nexus.AsyncFetcher$PipedErrorInputStream.read(AsyncFetcher.java:261) ~[org.eclipse.m2e.core_1.0.0.me201110301321.jar:na]
	at java.io.PipedInputStream.read(PipedInputStream.java:361) ~[na:1.6.0_13]
	at java.io.InputStream.read(InputStream.java:85) ~[na:1.6.0_13]
	at java.util.Properties$LineReader.readLine(Properties.java:418) ~[na:1.6.0_13]
	at java.util.Properties.load0(Properties.java:337) ~[na:1.6.0_13]
	at java.util.Properties.load(Properties.java:325) ~[na:1.6.0_13]
	at org.apache.maven.index.updater.DefaultIndexUpdater.downloadIndexProperties(DefaultIndexUpdater.java:457) ~[indexer-core-3.1.0.jar:3.1.0]
	at org.apache.maven.index.updater.DefaultIndexUpdater.access$100(DefaultIndexUpdater.java:75) ~[indexer-core-3.1.0.jar:3.1.0]
	at org.apache.maven.index.updater.DefaultIndexUpdater$IndexAdaptor.setProperties(DefaultIndexUpdater.java:607) ~[indexer-core-3.1.0.jar:3.1.0]
	at org.apache.maven.index.updater.DefaultIndexUpdater.fetchAndUpdateIndex(DefaultIndexUpdater.java:788) ~[indexer-core-3.1.0.jar:3.1.0]
	at org.apache.maven.index.updater.DefaultIndexUpdater.fetchAndUpdateIndex(DefaultIndexUpdater.java:135) ~[indexer-core-3.1.0.jar:3.1.0]
	at org.eclipse.m2e.core.internal.index.nexus.NexusIndexManager.updateRemoteIndex(NexusIndexManager.java:1126) [org.eclipse.m2e.core_1.0.0.me201110301321.jar:na]
	at org.eclipse.m2e.core.internal.index.nexus.NexusIndexManager.updateIndex(NexusIndexManager.java:1083) [org.eclipse.m2e.core_1.0.0.me201110301321.jar:na]
	at org.eclipse.m2e.core.internal.index.nexus.NexusIndexManager$1.run(NexusIndexManager.java:660) [org.eclipse.m2e.core_1.0.0.me201110301321.jar:na]
	at org.eclipse.m2e.core.internal.index.nexus.IndexUpdaterJob.run(IndexUpdaterJob.java:71) [org.eclipse.m2e.core_1.0.0.me201110301321.jar:na]
	at org.eclipse.core.internal.jobs.Worker.run(Worker.java:54) [org.eclipse.core.jobs_3.5.100.v20110404.jar:na]
java.io.IOException: Server returned status code 403: Forbidden
	at org.eclipse.m2e.core.internal.index.nexus.AsyncFetcher$MonitorListener.onStatus(AsyncFetcher.java:283) ~[na:na]
	at com.ning.http.client.SimpleAsyncHttpClient$BodyConsumerAsyncHandler.fireStatus(SimpleAsyncHttpClient.java:828) ~[na:na]
	at com.ning.http.client.SimpleAsyncHttpClient$BodyConsumerAsyncHandler.onStatusReceived(SimpleAsyncHttpClient.java:779) ~[na:na]
	at com.ning.http.client.providers.netty.NettyAsyncHttpProvider.updateStatusAndInterrupt(NettyAsyncHttpProvider.java:1439) ~[na:na]
	at com.ning.http.client.providers.netty.NettyAsyncHttpProvider.messageReceived(NettyAsyncHttpProvider.java:1170) ~[na:na]
	at org.jboss.netty.channel.SimpleChannelUpstreamHandler.handleUpstream(SimpleChannelUpstreamHandler.java:80) ~[na:na]
	at org.jboss.netty.channel.DefaultChannelPipeline.sendUpstream(DefaultChannelPipeline.java:545) ~[na:na]
	at org.jboss.netty.channel.DefaultChannelPipeline$DefaultChannelHandlerContext.sendUpstream(DefaultChannelPipeline.java:754) ~[na:na]
	at org.jboss.netty.handler.stream.ChunkedWriteHandler.handleUpstream(ChunkedWriteHandler.java:148) ~[na:na]
	at org.jboss.netty.channel.DefaultChannelPipeline.sendUpstream(DefaultChannelPipeline.java:545) ~[na:na]
	at org.jboss.netty.channel.DefaultChannelPipeline$DefaultChannelHandlerContext.sendUpstream(DefaultChannelPipeline.java:754) ~[na:na]
	at org.jboss.netty.handler.codec.http.HttpContentDecoder.messageReceived(HttpContentDecoder.java:104) ~[na:na]
	at org.jboss.netty.channel.SimpleChannelUpstreamHandler.handleUpstream(SimpleChannelUpstreamHandler.java:80) ~[na:na]
	at org.jboss.netty.channel.DefaultChannelPipeline.sendUpstream(DefaultChannelPipeline.java:545) ~[na:na]
	at org.jboss.netty.channel.DefaultChannelPipeline$DefaultChannelHandlerContext.sendUpstream(DefaultChannelPipeline.java:754) ~[na:na]
	at org.jboss.netty.channel.Channels.fireMessageReceived(Channels.java:302) ~[na:na]
	at org.jboss.netty.handler.codec.replay.ReplayingDecoder.unfoldAndfireMessageReceived(ReplayingDecoder.java:522) ~[na:na]
	at org.jboss.netty.handler.codec.replay.ReplayingDecoder.callDecode(ReplayingDecoder.java:506) ~[na:na]
	at org.jboss.netty.handler.codec.replay.ReplayingDecoder.messageReceived(ReplayingDecoder.java:443) ~[na:na]
	at org.jboss.netty.channel.SimpleChannelUpstreamHandler.handleUpstream(SimpleChannelUpstreamHandler.java:80) ~[na:na]
	at org.jboss.netty.handler.codec.http.HttpClientCodec.handleUpstream(HttpClientCodec.java:77) ~[na:na]
	at org.jboss.netty.channel.DefaultChannelPipeline.sendUpstream(DefaultChannelPipeline.java:545) ~[na:na]
	at org.jboss.netty.channel.DefaultChannelPipeline.sendUpstream(DefaultChannelPipeline.java:540) ~[na:na]
	at org.jboss.netty.channel.Channels.fireMessageReceived(Channels.java:274) ~[na:na]
	at org.jboss.netty.channel.Channels.fireMessageReceived(Channels.java:261) ~[na:na]
	at org.jboss.netty.channel.socket.nio.NioWorker.read(NioWorker.java:349) ~[na:na]
	at org.jboss.netty.channel.socket.nio.NioWorker.processSelectedKeys(NioWorker.java:280) ~[na:na]
	at org.jboss.netty.channel.socket.nio.NioWorker.run(NioWorker.java:200) ~[na:na]
	at org.jboss.netty.util.ThreadRenamingRunnable.run(ThreadRenamingRunnable.java:108) ~[na:na]
	at org.jboss.netty.util.internal.DeadLockProofWorker$1.run(DeadLockProofWorker.java:44) ~[na:na]
	at java.util.concurrent.ThreadPoolExecutor$Worker.runTask(ThreadPoolExecutor.java:886) ~[na:1.6.0_13]
	at java.util.concurrent.ThreadPoolExecutor$Worker.run(ThreadPoolExecutor.java:908) ~[na:1.6.0_13]
	at java.lang.Thread.run(Thread.java:619) ~[na:1.6.0_13]
2014-09-18 09:33:35,135 [Worker-16] INFO  o.e.m.c.i.i.nexus.NexusIndexManager - Updating index for repository: central|http://repo1.maven.org/maven2
2014-09-18 09:33:36,582 [Worker-16] ERROR o.e.m.c.i.i.nexus.NexusIndexManager - Unable to update index for central|http://repo1.maven.org/maven2
java.io.IOException: Server returned status code 403: Forbidden
	at org.eclipse.m2e.core.internal.index.nexus.AsyncFetcher$PipedErrorInputStream.checkError(AsyncFetcher.java:253) ~[org.eclipse.m2e.core_1.0.0.me201110301321.jar:na]
	at org.eclipse.m2e.core.internal.index.nexus.AsyncFetcher$PipedErrorInputStream.read(AsyncFetcher.java:261) ~[org.eclipse.m2e.core_1.0.0.me201110301321.jar:na]
	at java.io.PipedInputStream.read(PipedInputStream.java:361) ~[na:1.6.0_13]
	at java.io.InputStream.read(InputStream.java:85) ~[na:1.6.0_13]
	at java.util.Properties$LineReader.readLine(Properties.java:418) ~[na:1.6.0_13]
	at java.util.Properties.load0(Properties.java:337) ~[na:1.6.0_13]
	at java.util.Properties.load(Properties.java:325) ~[na:1.6.0_13]
	at org.apache.maven.index.updater.DefaultIndexUpdater.downloadIndexProperties(DefaultIndexUpdater.java:457) ~[indexer-core-3.1.0.jar:3.1.0]
	at org.apache.maven.index.updater.DefaultIndexUpdater.access$100(DefaultIndexUpdater.java:75) ~[indexer-core-3.1.0.jar:3.1.0]
	at org.apache.maven.index.updater.DefaultIndexUpdater$IndexAdaptor.setProperties(DefaultIndexUpdater.java:607) ~[indexer-core-3.1.0.jar:3.1.0]
	at org.apache.maven.index.updater.DefaultIndexUpdater.fetchAndUpdateIndex(DefaultIndexUpdater.java:788) ~[indexer-core-3.1.0.jar:3.1.0]
	at org.apache.maven.index.updater.DefaultIndexUpdater.fetchAndUpdateIndex(DefaultIndexUpdater.java:135) ~[indexer-core-3.1.0.jar:3.1.0]
	at org.eclipse.m2e.core.internal.index.nexus.NexusIndexManager.updateRemoteIndex(NexusIndexManager.java:1126) [org.eclipse.m2e.core_1.0.0.me201110301321.jar:na]
	at org.eclipse.m2e.core.internal.index.nexus.NexusIndexManager.updateIndex(NexusIndexManager.java:1083) [org.eclipse.m2e.core_1.0.0.me201110301321.jar:na]
	at org.eclipse.m2e.core.internal.index.nexus.NexusIndexManager$1.run(NexusIndexManager.java:660) [org.eclipse.m2e.core_1.0.0.me201110301321.jar:na]
	at org.eclipse.m2e.core.internal.index.nexus.IndexUpdaterJob.run(IndexUpdaterJob.java:71) [org.eclipse.m2e.core_1.0.0.me201110301321.jar:na]
	at org.eclipse.core.internal.jobs.Worker.run(Worker.java:54) [org.eclipse.core.jobs_3.5.100.v20110404.jar:na]
java.io.IOException: Server returned status code 403: Forbidden
	at org.eclipse.m2e.core.internal.index.nexus.AsyncFetcher$MonitorListener.onStatus(AsyncFetcher.java:283) ~[na:na]
	at com.ning.http.client.SimpleAsyncHttpClient$BodyConsumerAsyncHandler.fireStatus(SimpleAsyncHttpClient.java:828) ~[na:na]
	at com.ning.http.client.SimpleAsyncHttpClient$BodyConsumerAsyncHandler.onStatusReceived(SimpleAsyncHttpClient.java:779) ~[na:na]
	at com.ning.http.client.providers.netty.NettyAsyncHttpProvider.updateStatusAndInterrupt(NettyAsyncHttpProvider.java:1439) ~[na:na]
	at com.ning.http.client.providers.netty.NettyAsyncHttpProvider.messageReceived(NettyAsyncHttpProvider.java:1170) ~[na:na]
	at org.jboss.netty.channel.SimpleChannelUpstreamHandler.handleUpstream(SimpleChannelUpstreamHandler.java:80) ~[na:na]
	at org.jboss.netty.channel.DefaultChannelPipeline.sendUpstream(DefaultChannelPipeline.java:545) ~[na:na]
	at org.jboss.netty.channel.DefaultChannelPipeline$DefaultChannelHandlerContext.sendUpstream(DefaultChannelPipeline.java:754) ~[na:na]
	at org.jboss.netty.handler.stream.ChunkedWriteHandler.handleUpstream(ChunkedWriteHandler.java:148) ~[na:na]
	at org.jboss.netty.channel.DefaultChannelPipeline.sendUpstream(DefaultChannelPipeline.java:545) ~[na:na]
	at org.jboss.netty.channel.DefaultChannelPipeline$DefaultChannelHandlerContext.sendUpstream(DefaultChannelPipeline.java:754) ~[na:na]
	at org.jboss.netty.handler.codec.http.HttpContentDecoder.messageReceived(HttpContentDecoder.java:104) ~[na:na]
	at org.jboss.netty.channel.SimpleChannelUpstreamHandler.handleUpstream(SimpleChannelUpstreamHandler.java:80) ~[na:na]
	at org.jboss.netty.channel.DefaultChannelPipeline.sendUpstream(DefaultChannelPipeline.java:545) ~[na:na]
	at org.jboss.netty.channel.DefaultChannelPipeline$DefaultChannelHandlerContext.sendUpstream(DefaultChannelPipeline.java:754) ~[na:na]
	at org.jboss.netty.channel.Channels.fireMessageReceived(Channels.java:302) ~[na:na]
	at org.jboss.netty.handler.codec.replay.ReplayingDecoder.unfoldAndfireMessageReceived(ReplayingDecoder.java:522) ~[na:na]
	at org.jboss.netty.handler.codec.replay.ReplayingDecoder.callDecode(ReplayingDecoder.java:506) ~[na:na]
	at org.jboss.netty.handler.codec.replay.ReplayingDecoder.messageReceived(ReplayingDecoder.java:443) ~[na:na]
	at org.jboss.netty.channel.SimpleChannelUpstreamHandler.handleUpstream(SimpleChannelUpstreamHandler.java:80) ~[na:na]
	at org.jboss.netty.handler.codec.http.HttpClientCodec.handleUpstream(HttpClientCodec.java:77) ~[na:na]
	at org.jboss.netty.channel.DefaultChannelPipeline.sendUpstream(DefaultChannelPipeline.java:545) ~[na:na]
	at org.jboss.netty.channel.DefaultChannelPipeline.sendUpstream(DefaultChannelPipeline.java:540) ~[na:na]
	at org.jboss.netty.channel.Channels.fireMessageReceived(Channels.java:274) ~[na:na]
	at org.jboss.netty.channel.Channels.fireMessageReceived(Channels.java:261) ~[na:na]
	at org.jboss.netty.channel.socket.nio.NioWorker.read(NioWorker.java:349) ~[na:na]
	at org.jboss.netty.channel.socket.nio.NioWorker.processSelectedKeys(NioWorker.java:280) ~[na:na]
	at org.jboss.netty.channel.socket.nio.NioWorker.run(NioWorker.java:200) ~[na:na]
	at org.jboss.netty.util.ThreadRenamingRunnable.run(ThreadRenamingRunnable.java:108) ~[na:na]
	at org.jboss.netty.util.internal.DeadLockProofWorker$1.run(DeadLockProofWorker.java:44) ~[na:na]
	at java.util.concurrent.ThreadPoolExecutor$Worker.runTask(ThreadPoolExecutor.java:886) ~[na:1.6.0_13]
	at java.util.concurrent.ThreadPoolExecutor$Worker.run(ThreadPoolExecutor.java:908) ~[na:1.6.0_13]
	at java.lang.Thread.run(Thread.java:619) ~[na:1.6.0_13]
2014-09-18 10:59:30,036 [Worker-8] INFO  o.e.m.c.i.i.nexus.NexusIndexManager - Updating index for repository: central|http://repo1.maven.org/maven2
2014-09-18 10:59:30,717 [Worker-8] ERROR o.e.m.c.i.i.nexus.NexusIndexManager - Unable to update index for central|http://repo1.maven.org/maven2
java.io.IOException: Server returned status code 403: Forbidden
	at org.eclipse.m2e.core.internal.index.nexus.AsyncFetcher$PipedErrorInputStream.checkError(AsyncFetcher.java:253) ~[org.eclipse.m2e.core_1.0.0.me201110301321.jar:na]
	at org.eclipse.m2e.core.internal.index.nexus.AsyncFetcher$PipedErrorInputStream.read(AsyncFetcher.java:261) ~[org.eclipse.m2e.core_1.0.0.me201110301321.jar:na]
	at java.io.PipedInputStream.read(PipedInputStream.java:361) ~[na:1.6.0_13]
	at java.io.InputStream.read(InputStream.java:85) ~[na:1.6.0_13]
	at java.util.Properties$LineReader.readLine(Properties.java:418) ~[na:1.6.0_13]
	at java.util.Properties.load0(Properties.java:337) ~[na:1.6.0_13]
	at java.util.Properties.load(Properties.java:325) ~[na:1.6.0_13]
	at org.apache.maven.index.updater.DefaultIndexUpdater.downloadIndexProperties(DefaultIndexUpdater.java:457) ~[indexer-core-3.1.0.jar:3.1.0]
	at org.apache.maven.index.updater.DefaultIndexUpdater.access$100(DefaultIndexUpdater.java:75) ~[indexer-core-3.1.0.jar:3.1.0]
	at org.apache.maven.index.updater.DefaultIndexUpdater$IndexAdaptor.setProperties(DefaultIndexUpdater.java:607) ~[indexer-core-3.1.0.jar:3.1.0]
	at org.apache.maven.index.updater.DefaultIndexUpdater.fetchAndUpdateIndex(DefaultIndexUpdater.java:788) ~[indexer-core-3.1.0.jar:3.1.0]
	at org.apache.maven.index.updater.DefaultIndexUpdater.fetchAndUpdateIndex(DefaultIndexUpdater.java:135) ~[indexer-core-3.1.0.jar:3.1.0]
	at org.eclipse.m2e.core.internal.index.nexus.NexusIndexManager.updateRemoteIndex(NexusIndexManager.java:1126) [org.eclipse.m2e.core_1.0.0.me201110301321.jar:na]
	at org.eclipse.m2e.core.internal.index.nexus.NexusIndexManager.updateIndex(NexusIndexManager.java:1083) [org.eclipse.m2e.core_1.0.0.me201110301321.jar:na]
	at org.eclipse.m2e.core.internal.index.nexus.NexusIndexManager$1.run(NexusIndexManager.java:660) [org.eclipse.m2e.core_1.0.0.me201110301321.jar:na]
	at org.eclipse.m2e.core.internal.index.nexus.IndexUpdaterJob.run(IndexUpdaterJob.java:71) [org.eclipse.m2e.core_1.0.0.me201110301321.jar:na]
	at org.eclipse.core.internal.jobs.Worker.run(Worker.java:54) [org.eclipse.core.jobs_3.5.100.v20110404.jar:na]
java.io.IOException: Server returned status code 403: Forbidden
	at org.eclipse.m2e.core.internal.index.nexus.AsyncFetcher$MonitorListener.onStatus(AsyncFetcher.java:283) ~[na:na]
	at com.ning.http.client.SimpleAsyncHttpClient$BodyConsumerAsyncHandler.fireStatus(SimpleAsyncHttpClient.java:828) ~[na:na]
	at com.ning.http.client.SimpleAsyncHttpClient$BodyConsumerAsyncHandler.onStatusReceived(SimpleAsyncHttpClient.java:779) ~[na:na]
	at com.ning.http.client.providers.netty.NettyAsyncHttpProvider.updateStatusAndInterrupt(NettyAsyncHttpProvider.java:1439) ~[na:na]
	at com.ning.http.client.providers.netty.NettyAsyncHttpProvider.messageReceived(NettyAsyncHttpProvider.java:1170) ~[na:na]
	at org.jboss.netty.channel.SimpleChannelUpstreamHandler.handleUpstream(SimpleChannelUpstreamHandler.java:80) ~[na:na]
	at org.jboss.netty.channel.DefaultChannelPipeline.sendUpstream(DefaultChannelPipeline.java:545) ~[na:na]
	at org.jboss.netty.channel.DefaultChannelPipeline$DefaultChannelHandlerContext.sendUpstream(DefaultChannelPipeline.java:754) ~[na:na]
	at org.jboss.netty.handler.stream.ChunkedWriteHandler.handleUpstream(ChunkedWriteHandler.java:148) ~[na:na]
	at org.jboss.netty.channel.DefaultChannelPipeline.sendUpstream(DefaultChannelPipeline.java:545) ~[na:na]
	at org.jboss.netty.channel.DefaultChannelPipeline$DefaultChannelHandlerContext.sendUpstream(DefaultChannelPipeline.java:754) ~[na:na]
	at org.jboss.netty.handler.codec.http.HttpContentDecoder.messageReceived(HttpContentDecoder.java:104) ~[na:na]
	at org.jboss.netty.channel.SimpleChannelUpstreamHandler.handleUpstream(SimpleChannelUpstreamHandler.java:80) ~[na:na]
	at org.jboss.netty.channel.DefaultChannelPipeline.sendUpstream(DefaultChannelPipeline.java:545) ~[na:na]
	at org.jboss.netty.channel.DefaultChannelPipeline$DefaultChannelHandlerContext.sendUpstream(DefaultChannelPipeline.java:754) ~[na:na]
	at org.jboss.netty.channel.Channels.fireMessageReceived(Channels.java:302) ~[na:na]
	at org.jboss.netty.handler.codec.replay.ReplayingDecoder.unfoldAndfireMessageReceived(ReplayingDecoder.java:522) ~[na:na]
	at org.jboss.netty.handler.codec.replay.ReplayingDecoder.callDecode(ReplayingDecoder.java:506) ~[na:na]
	at org.jboss.netty.handler.codec.replay.ReplayingDecoder.messageReceived(ReplayingDecoder.java:443) ~[na:na]
	at org.jboss.netty.channel.SimpleChannelUpstreamHandler.handleUpstream(SimpleChannelUpstreamHandler.java:80) ~[na:na]
	at org.jboss.netty.handler.codec.http.HttpClientCodec.handleUpstream(HttpClientCodec.java:77) ~[na:na]
	at org.jboss.netty.channel.DefaultChannelPipeline.sendUpstream(DefaultChannelPipeline.java:545) ~[na:na]
	at org.jboss.netty.channel.DefaultChannelPipeline.sendUpstream(DefaultChannelPipeline.java:540) ~[na:na]
	at org.jboss.netty.channel.Channels.fireMessageReceived(Channels.java:274) ~[na:na]
	at org.jboss.netty.channel.Channels.fireMessageReceived(Channels.java:261) ~[na:na]
	at org.jboss.netty.channel.socket.nio.NioWorker.read(NioWorker.java:349) ~[na:na]
	at org.jboss.netty.channel.socket.nio.NioWorker.processSelectedKeys(NioWorker.java:280) ~[na:na]
	at org.jboss.netty.channel.socket.nio.NioWorker.run(NioWorker.java:200) ~[na:na]
	at org.jboss.netty.util.ThreadRenamingRunnable.run(ThreadRenamingRunnable.java:108) ~[na:na]
	at org.jboss.netty.util.internal.DeadLockProofWorker$1.run(DeadLockProofWorker.java:44) ~[na:na]
	at java.util.concurrent.ThreadPoolExecutor$Worker.runTask(ThreadPoolExecutor.java:886) ~[na:1.6.0_13]
	at java.util.concurrent.ThreadPoolExecutor$Worker.run(ThreadPoolExecutor.java:908) ~[na:1.6.0_13]
	at java.lang.Thread.run(Thread.java:619) ~[na:1.6.0_13]
